<?xml version="1.0" encoding="UTF-8"?>
<!-- Generated by org.testng.reporters.JUnitXMLReporter -->
<testsuite ignored="1" hostname="HARI-KRISHNA" failures="0" tests="1" name="Default test" time="2.405" errors="0" timestamp="2023-04-16T20:37:21 IST">
  <testcase classname="RestAssuredPractice.PathParams" name="Cookies" time="2.366"/>
  <testcase classname="RestAssuredPractice.PathParams" name="testQuery" time="0.0">
    <ignored/>
  </testcase> <!-- testQuery -->
</testsuite> <!-- Default test -->
