<?xml version="1.0" encoding="UTF-8"?>
<testng-results ignored="1" total="2" passed="1" failed="0" skipped="0">
  <reporter-output>
  </reporter-output>
  <suite started-at="2023-04-16T20:37:18 IST" name="Default suite" finished-at="2023-04-16T20:37:21 IST" duration-ms="2405">
    <groups>
    </groups>
    <test started-at="2023-04-16T20:37:18 IST" name="Default test" finished-at="2023-04-16T20:37:21 IST" duration-ms="2405">
      <class name="RestAssuredPractice.PathParams">
        <test-method signature="Cookies()[pri:0, instance:RestAssuredPractice.PathParams@20ce78ec]" started-at="2023-04-16T20:37:19 IST" name="Cookies" finished-at="2023-04-16T20:37:21 IST" duration-ms="2366" status="PASS">
          <reporter-output>
          </reporter-output>
        </test-method> <!-- Cookies -->
      </class> <!-- RestAssuredPractice.PathParams -->
    </test> <!-- Default test -->
  </suite> <!-- Default suite -->
</testng-results>
